2025-07-01 18:36:02,265 [INFO] [31m[1mWARNING: This is a development server. Do not use it in a production deployment. Use a production WSGI server instead.[0m
 * Running on all addresses (0.0.0.0)
 * Running on http://127.0.0.1:8080
 * Running on http://192.168.43.92:8080
2025-07-01 18:36:02,265 [INFO] [33mPress CTRL+C to quit[0m
2025-07-01 18:36:02,265 [INFO]  * Restarting with stat
2025-07-01 18:36:03,156 [WARNING]  * Debugger is active!
2025-07-01 18:36:03,168 [INFO]  * Debugger PIN: 731-875-870
2025-07-01 18:37:11,881 [INFO]  * Detected change in '/Users/kombi/Dev/Playground/cosmos/agents/Jarvis-Hack/backend/src/auth/__init__.py', reloading
2025-07-01 18:37:12,081 [INFO]  * Restarting with stat
2025-07-01 18:37:13,127 [WARNING]  * Debugger is active!
2025-07-01 18:37:13,139 [INFO]  * Debugger PIN: 731-875-870
2025-07-01 18:40:27,960 [INFO]  * Detected change in '/Users/kombi/Dev/Playground/cosmos/agents/Jarvis-Hack/backend/tests/auth_test.py', reloading
2025-07-01 18:40:28,116 [INFO]  * Restarting with stat
2025-07-01 18:40:29,114 [WARNING]  * Debugger is active!
2025-07-01 18:40:29,121 [INFO]  * Debugger PIN: 731-875-870
2025-07-01 18:46:19,750 [INFO]  * Detected change in '/Users/kombi/Dev/Playground/cosmos/agents/Jarvis-Hack/backend/tests/auth_test.py', reloading
2025-07-01 18:46:19,996 [INFO]  * Restarting with stat
2025-07-01 18:46:21,084 [WARNING]  * Debugger is active!
2025-07-01 18:46:21,092 [INFO]  * Debugger PIN: 731-875-870
2025-07-02 10:15:14,641 [INFO]  * Detected change in '/Users/kombi/Dev/Playground/cosmos/agents/Jarvis-Hack/backend/src/auth/auth.py', reloading
2025-07-02 10:15:15,050 [INFO]  * Restarting with stat
2025-07-02 10:15:16,343 [WARNING]  * Debugger is active!
2025-07-02 10:15:16,383 [INFO]  * Debugger PIN: 731-875-870
2025-07-02 10:16:21,071 [INFO]  * Detected change in '/Users/kombi/Dev/Playground/cosmos/agents/Jarvis-Hack/backend/src/auth/auth.py', reloading
2025-07-02 10:16:21,279 [INFO]  * Restarting with stat
2025-07-02 10:16:22,302 [WARNING]  * Debugger is active!
2025-07-02 10:16:22,350 [INFO]  * Debugger PIN: 731-875-870
2025-07-02 10:18:15,463 [INFO]  * Detected change in '/Users/kombi/Dev/Playground/cosmos/agents/Jarvis-Hack/backend/src/auth/auth.py', reloading
2025-07-02 10:18:15,693 [INFO]  * Restarting with stat
2025-07-02 10:18:16,700 [WARNING]  * Debugger is active!
2025-07-02 10:18:16,711 [INFO]  * Debugger PIN: 731-875-870
2025-07-02 10:19:00,203 [INFO]  * Detected change in '/Users/kombi/Dev/Playground/cosmos/agents/Jarvis-Hack/backend/src/app.py', reloading
2025-07-02 10:19:00,497 [INFO]  * Restarting with stat
2025-07-02 10:19:01,597 [WARNING]  * Debugger is active!
2025-07-02 10:19:01,604 [INFO]  * Debugger PIN: 731-875-870
2025-07-02 10:19:16,752 [INFO]  * Detected change in '/Users/kombi/Dev/Playground/cosmos/agents/Jarvis-Hack/backend/src/app.py', reloading
2025-07-02 10:19:16,961 [INFO]  * Restarting with stat
2025-07-02 10:20:09,700 [INFO] [31m[1mWARNING: This is a development server. Do not use it in a production deployment. Use a production WSGI server instead.[0m
 * Running on all addresses (0.0.0.0)
 * Running on http://127.0.0.1:8080
 * Running on http://192.168.43.92:8080
2025-07-02 10:20:09,700 [INFO] [33mPress CTRL+C to quit[0m
2025-07-02 10:20:09,701 [INFO]  * Restarting with stat
2025-07-02 10:20:10,472 [WARNING]  * Debugger is active!
2025-07-02 10:20:10,483 [INFO]  * Debugger PIN: 731-875-870
2025-07-02 11:17:20,974 [INFO] Akash Wallet Address: fetch16zvyxyr2thd4268dh2qukmdsd7q24jjed4a37a
2025-07-02 11:17:21,020 [INFO] [31m[1mWARNING: This is a development server. Do not use it in a production deployment. Use a production WSGI server instead.[0m
 * Running on all addresses (0.0.0.0)
 * Running on http://127.0.0.1:8080
 * Running on http://192.168.43.92:8080
2025-07-02 11:17:21,020 [INFO] [33mPress CTRL+C to quit[0m
2025-07-02 11:17:21,021 [INFO]  * Restarting with stat
2025-07-02 11:17:21,823 [INFO] Akash Wallet Address: fetch16zvyxyr2thd4268dh2qukmdsd7q24jjed4a37a
2025-07-02 11:17:21,838 [WARNING]  * Debugger is active!
2025-07-02 11:17:21,854 [INFO]  * Debugger PIN: 731-875-870
2025-07-02 16:39:39,703 [INFO] Akash Wallet Initialized: fetch16zvyxyr2thd4268dh2qukmdsd7q24jjed4a37a
2025-07-02 16:39:39,735 [INFO] [31m[1mWARNING: This is a development server. Do not use it in a production deployment. Use a production WSGI server instead.[0m
 * Running on all addresses (0.0.0.0)
 * Running on http://127.0.0.1:8080
 * Running on http://192.168.43.92:8080
2025-07-02 16:39:39,735 [INFO] [33mPress CTRL+C to quit[0m
2025-07-02 16:39:39,736 [INFO]  * Restarting with stat
2025-07-02 16:39:40,532 [INFO] Akash Wallet Initialized: fetch16zvyxyr2thd4268dh2qukmdsd7q24jjed4a37a
2025-07-02 16:39:40,752 [WARNING]  * Debugger is active!
2025-07-02 16:39:40,794 [INFO]  * Debugger PIN: 731-875-870
2025-07-02 16:39:47,536 [INFO] Akash Wallet Initialized: fetch16zvyxyr2thd4268dh2qukmdsd7q24jjed4a37a
2025-07-02 16:39:47,554 [INFO] [31m[1mWARNING: This is a development server. Do not use it in a production deployment. Use a production WSGI server instead.[0m
 * Running on all addresses (0.0.0.0)
 * Running on http://127.0.0.1:8080
 * Running on http://192.168.43.92:8080
2025-07-02 16:39:47,554 [INFO] [33mPress CTRL+C to quit[0m
2025-07-02 16:39:47,554 [INFO]  * Restarting with stat
2025-07-02 16:39:48,333 [INFO] Akash Wallet Initialized: fetch16zvyxyr2thd4268dh2qukmdsd7q24jjed4a37a
2025-07-02 16:39:48,348 [WARNING]  * Debugger is active!
2025-07-02 16:39:48,354 [INFO]  * Debugger PIN: 731-875-870
2025-07-02 16:40:00,466 [INFO]  * Detected change in '/Users/kombi/Dev/Playground/cosmos/agents/Jarvis-Hack/backend/src/app.py', reloading
2025-07-02 16:40:00,679 [INFO]  * Restarting with stat
2025-07-02 16:40:01,603 [INFO] Akash Wallet Initialized: fetch16zvyxyr2thd4268dh2qukmdsd7q24jjed4a37a
2025-07-02 16:40:01,624 [WARNING]  * Debugger is active!
2025-07-02 16:40:01,634 [INFO]  * Debugger PIN: 731-875-870
2025-07-02 16:43:21,744 [INFO]  * Detected change in '/Users/kombi/Dev/Playground/cosmos/agents/Jarvis-Hack/backend/tests/akash_manager_test.py', reloading
2025-07-02 16:43:21,976 [INFO]  * Restarting with stat
2025-07-02 16:43:22,980 [INFO] Akash Wallet Initialized: fetch16zvyxyr2thd4268dh2qukmdsd7q24jjed4a37a
2025-07-02 16:43:22,998 [WARNING]  * Debugger is active!
2025-07-02 16:43:23,050 [INFO]  * Debugger PIN: 731-875-870
2025-07-02 16:43:32,139 [INFO]  * Detected change in '/Users/kombi/Dev/Playground/cosmos/agents/Jarvis-Hack/backend/tests/akash_manager_test.py', reloading
2025-07-02 16:43:32,300 [INFO]  * Restarting with stat
2025-07-02 16:43:33,194 [INFO] Akash Wallet Initialized: fetch16zvyxyr2thd4268dh2qukmdsd7q24jjed4a37a
2025-07-02 16:43:33,210 [WARNING]  * Debugger is active!
2025-07-02 16:43:33,216 [INFO]  * Debugger PIN: 731-875-870
2025-07-02 16:44:00,507 [INFO]  * Detected change in '/Users/kombi/Dev/Playground/cosmos/agents/Jarvis-Hack/backend/src/akash/akash_manager.py', reloading
2025-07-02 16:44:00,703 [INFO]  * Restarting with stat
2025-07-02 16:44:01,835 [INFO] Akash Wallet Initialized: fetch16zvyxyr2thd4268dh2qukmdsd7q24jjed4a37a
2025-07-02 16:44:01,866 [WARNING]  * Debugger is active!
2025-07-02 16:44:01,878 [INFO]  * Debugger PIN: 731-875-870
2025-07-02 16:44:59,503 [INFO]  * Detected change in '/Users/kombi/Dev/Playground/cosmos/agents/Jarvis-Hack/backend/tests/akash_manager_test.py', reloading
2025-07-02 16:44:59,719 [INFO]  * Restarting with stat
2025-07-02 16:45:00,758 [INFO] Akash Wallet Initialized: fetch16zvyxyr2thd4268dh2qukmdsd7q24jjed4a37a
2025-07-02 16:45:00,775 [WARNING]  * Debugger is active!
2025-07-02 16:45:00,789 [INFO]  * Debugger PIN: 731-875-870
2025-07-02 16:45:02,812 [INFO]  * Detected change in '/Users/kombi/Dev/Playground/cosmos/agents/Jarvis-Hack/backend/tests/akash_manager_test.py', reloading
2025-07-02 16:45:02,972 [INFO]  * Restarting with stat
2025-07-02 16:45:03,753 [INFO] Akash Wallet Initialized: fetch16zvyxyr2thd4268dh2qukmdsd7q24jjed4a37a
2025-07-02 16:45:03,769 [WARNING]  * Debugger is active!
2025-07-02 16:45:03,776 [INFO]  * Debugger PIN: 731-875-870
2025-07-03 09:07:48,044 [INFO] Akash Wallet Initialized: fetch16zvyxyr2thd4268dh2qukmdsd7q24jjed4a37a
2025-07-03 09:07:48,108 [INFO] [31m[1mWARNING: This is a development server. Do not use it in a production deployment. Use a production WSGI server instead.[0m
 * Running on all addresses (0.0.0.0)
 * Running on http://127.0.0.1:8080
 * Running on http://192.168.43.92:8080
2025-07-03 09:07:48,108 [INFO] [33mPress CTRL+C to quit[0m
2025-07-03 09:07:48,109 [INFO]  * Restarting with stat
2025-07-03 09:07:48,908 [INFO] Akash Wallet Initialized: fetch16zvyxyr2thd4268dh2qukmdsd7q24jjed4a37a
2025-07-03 09:07:48,928 [WARNING]  * Debugger is active!
2025-07-03 09:07:48,940 [INFO]  * Debugger PIN: 731-875-870
2025-07-03 09:08:47,556 [INFO]  * Detected change in '/Users/kombi/Dev/Playground/cosmos/agents/Jarvis-Hack/backend/tests/akash_manager_test.py', reloading
2025-07-03 09:08:47,748 [INFO]  * Restarting with stat
2025-07-03 09:08:48,792 [INFO] Akash Wallet Initialized: fetch16zvyxyr2thd4268dh2qukmdsd7q24jjed4a37a
2025-07-03 09:08:48,813 [WARNING]  * Debugger is active!
2025-07-03 09:08:48,825 [INFO]  * Debugger PIN: 731-875-870
2025-07-03 09:09:02,970 [INFO]  * Detected change in '/Users/kombi/Dev/Playground/cosmos/agents/Jarvis-Hack/backend/src/akash/akash_manager.py', reloading
2025-07-03 09:09:03,178 [INFO]  * Restarting with stat
2025-07-03 09:09:04,086 [INFO] Akash Wallet Initialized: fetch16zvyxyr2thd4268dh2qukmdsd7q24jjed4a37a
2025-07-03 09:09:04,105 [WARNING]  * Debugger is active!
2025-07-03 09:09:04,112 [INFO]  * Debugger PIN: 731-875-870
2025-07-03 09:09:30,409 [INFO]  * Detected change in '/Users/kombi/Dev/Playground/cosmos/agents/Jarvis-Hack/backend/src/akash/akash_manager.py', reloading
2025-07-03 09:09:30,716 [INFO]  * Restarting with stat
2025-07-03 09:09:31,976 [INFO] Akash Wallet Initialized: fetch16zvyxyr2thd4268dh2qukmdsd7q24jjed4a37a
2025-07-03 09:09:31,994 [WARNING]  * Debugger is active!
2025-07-03 09:09:32,005 [INFO]  * Debugger PIN: 731-875-870
